<?xml version="1.0" encoding="UTF-8"?>
<!-- Generated by org.testng.reporters.JUnitReportReporter -->
<testsuite name="testcases.TC001_LoginAndLogout" tests="2" time="36.186" ignored="0" failures="0" timestamp="19 May 2018 05:09:01 GMT" skipped="0" hostname="senthil-PC" errors="0">
  <testcase name="loginAndLogout" time="14.276" classname="testcases.TC001_LoginAndLogout"/>
  <testcase name="loginAndLogout" time="21.910" classname="testcases.TC001_LoginAndLogout"/>
</testsuite> <!-- testcases.TC001_LoginAndLogout -->
