<?xml version="1.0" encoding="UTF-8"?>
<!-- Generated by org.testng.reporters.JUnitReportReporter -->
<testsuite name="testcases.TC006_DuplicateLead" tests="1" time="58.656" ignored="0" failures="0" timestamp="11 Mar 2018 18:46:29 GMT" skipped="0" hostname="welcome-PC" errors="0">
  <testcase name="duplicateLead" time="58.656" classname="testcases.TC006_DuplicateLead"/>
</testsuite> <!-- testcases.TC006_DuplicateLead -->
