<?xml version="1.0" encoding="UTF-8"?>
<!-- Generated by org.testng.reporters.JUnitReportReporter -->
<testsuite name="testcases.TC004_DeleteLead" tests="2" time="102.183" ignored="12" failures="0" timestamp="11 Mar 2018 17:42:39 GMT" skipped="0" hostname="welcome-PC" errors="0">
  <testcase name="deleteLead" time="51.504" classname="testcases.TC004_DeleteLead"/>
  <testcase name="deleteLead" time="50.679" classname="testcases.TC004_DeleteLead"/>
  <testcase name="afterTest" classname="wdMethods.ProjectMethods">
    <skipped/>
  </testcase> <!-- afterTest -->
  <testcase name="afterTest" classname="wdMethods.ProjectMethods">
    <skipped/>
  </testcase> <!-- afterTest -->
  <testcase name="afterTest" classname="wdMethods.ProjectMethods">
    <skipped/>
  </testcase> <!-- afterTest -->
  <testcase name="afterTest" classname="wdMethods.ProjectMethods">
    <skipped/>
  </testcase> <!-- afterTest -->
  <testcase name="beforeSuite" classname="wdMethods.ProjectMethods">
    <skipped/>
  </testcase> <!-- beforeSuite -->
  <testcase name="beforeSuite" classname="wdMethods.ProjectMethods">
    <skipped/>
  </testcase> <!-- beforeSuite -->
  <testcase name="beforeSuite" classname="wdMethods.ProjectMethods">
    <skipped/>
  </testcase> <!-- beforeSuite -->
  <testcase name="beforeSuite" classname="wdMethods.ProjectMethods">
    <skipped/>
  </testcase> <!-- beforeSuite -->
  <testcase name="afterSuite" classname="wdMethods.ProjectMethods">
    <skipped/>
  </testcase> <!-- afterSuite -->
  <testcase name="afterSuite" classname="wdMethods.ProjectMethods">
    <skipped/>
  </testcase> <!-- afterSuite -->
  <testcase name="afterSuite" classname="wdMethods.ProjectMethods">
    <skipped/>
  </testcase> <!-- afterSuite -->
  <testcase name="afterSuite" classname="wdMethods.ProjectMethods">
    <skipped/>
  </testcase> <!-- afterSuite -->
</testsuite> <!-- testcases.TC004_DeleteLead -->
