<?xml version="1.0" encoding="UTF-8"?>
<!-- Generated by org.testng.reporters.JUnitReportReporter -->
<testsuite name="testcases.TC007_MergeLead" tests="1" time="60.273" ignored="0" failures="0" timestamp="11 Mar 2018 18:48:48 GMT" skipped="0" hostname="welcome-PC" errors="0">
  <testcase name="mergeLead" time="60.273" classname="testcases.TC007_MergeLead"/>
</testsuite> <!-- testcases.TC007_MergeLead -->
