<?xml version="1.0" encoding="UTF-8"?>
<!-- Generated by org.testng.reporters.JUnitReportReporter -->
<testsuite name="testcases.TC005_EditLead" tests="2" time="114.529" ignored="12" failures="0" timestamp="11 Mar 2018 17:42:39 GMT" skipped="0" hostname="welcome-PC" errors="0">
  <testcase name="editLead" time="58.142" classname="testcases.TC005_EditLead"/>
  <testcase name="editLead" time="56.387" classname="testcases.TC005_EditLead"/>
  <testcase name="afterTest" classname="wdMethods.ProjectMethods">
    <skipped/>
  </testcase> <!-- afterTest -->
  <testcase name="afterTest" classname="wdMethods.ProjectMethods">
    <skipped/>
  </testcase> <!-- afterTest -->
  <testcase name="afterTest" classname="wdMethods.ProjectMethods">
    <skipped/>
  </testcase> <!-- afterTest -->
  <testcase name="afterTest" classname="wdMethods.ProjectMethods">
    <skipped/>
  </testcase> <!-- afterTest -->
  <testcase name="beforeSuite" classname="wdMethods.ProjectMethods">
    <skipped/>
  </testcase> <!-- beforeSuite -->
  <testcase name="beforeSuite" classname="wdMethods.ProjectMethods">
    <skipped/>
  </testcase> <!-- beforeSuite -->
  <testcase name="beforeSuite" classname="wdMethods.ProjectMethods">
    <skipped/>
  </testcase> <!-- beforeSuite -->
  <testcase name="beforeSuite" classname="wdMethods.ProjectMethods">
    <skipped/>
  </testcase> <!-- beforeSuite -->
  <testcase name="afterSuite" classname="wdMethods.ProjectMethods">
    <skipped/>
  </testcase> <!-- afterSuite -->
  <testcase name="afterSuite" classname="wdMethods.ProjectMethods">
    <skipped/>
  </testcase> <!-- afterSuite -->
  <testcase name="afterSuite" classname="wdMethods.ProjectMethods">
    <skipped/>
  </testcase> <!-- afterSuite -->
  <testcase name="afterSuite" classname="wdMethods.ProjectMethods">
    <skipped/>
  </testcase> <!-- afterSuite -->
</testsuite> <!-- testcases.TC005_EditLead -->
